This is e-pTeX, Version 3.14159265-p3.8.1-180226-2.6 (utf8.euc) (TeX Live 2018) (preloaded format=platex 2018.12.14)  31 JAN 2019 04:25
entering extended mode
 restricted \write18 enabled.
 %&-line parsing enabled.
**sample.tex -output-directory=sampleDir
(./sample.tex
pLaTeX2e <2018-12-01> (based on LaTeX2e <2018-12-01>)

! LaTeX Error: Missing \begin{document}.

See the LaTeX manual or LaTeX Companion for explanation.
Type  H <return>  for immediate help.
 ...                                              
                                                  
l.1 \begin{itemize}
                   
? 
! Emergency stop.
 ...                                              
                                                  
l.1 \begin{itemize}
                   
You're in trouble here.  Try typing  <return>  to proceed.
If that doesn't work, type  X <return>  to quit.

 
Here is how much of TeX's memory you used:
 7 strings out of 493226
 187 string characters out of 6145222
 61909 words of memory out of 5000000
 4089 multiletter control sequences out of 15000+600000
 7511 words of font info for 31 fonts, out of 8000000 for 9000
 929 hyphenation exceptions out of 8191
 9i,0n,6p,67b,28s stack positions out of 5000i,500n,10000p,200000b,80000s
No pages of output.
